<?xml version="1.0" encoding="UTF-8"?>
<testng-results ignored="0" total="1" passed="1" failed="0" skipped="0">
  <reporter-output>
  </reporter-output>
  <suite started-at="2022-05-27T15:22:48 IST" name="Default suite" finished-at="2022-05-27T15:24:56 IST" duration-ms="128486">
    <groups>
    </groups>
    <test started-at="2022-05-27T15:22:48 IST" name="Default test" finished-at="2022-05-27T15:24:56 IST" duration-ms="128486">
      <class name="testcase.TC003_Sales">
        <test-method is-config="true" signature="OpenBrowser()[pri:0, instance:testcase.TC003_Sales@702657cc]" started-at="2022-05-27T15:22:34 IST" name="OpenBrowser" finished-at="2022-05-27T15:22:48 IST" duration-ms="13744" status="PASS">
          <reporter-output>
          </reporter-output>
        </test-method> <!-- OpenBrowser -->
        <test-method signature="Saleorder(java.lang.String,java.lang.String,java.lang.String,java.lang.String,java.lang.String,java.lang.String,java.lang.String,java.lang.String,java.lang.String,java.lang.String)[pri:0, instance:testcase.TC003_Sales@702657cc]" started-at="2022-05-27T15:22:49 IST" name="Saleorder" description="Testcase Description : To Check Whether the user is able to create the Customerdetails by using DataProvider" data-provider="SalesInfo" finished-at="2022-05-27T15:24:56 IST" duration-ms="126850" status="PASS">
          <params>
            <param index="0">
              <value>
                <![CDATA[JAWA]]>
              </value>
            </param>
            <param index="1">
              <value>
                <![CDATA[Don]]>
              </value>
            </param>
            <param index="2">
              <value>
                <![CDATA[Palani]]>
              </value>
            </param>
            <param index="3">
              <value>
                <![CDATA[Manager]]>
              </value>
            </param>
            <param index="4">
              <value>
                <![CDATA[9000090000]]>
              </value>
            </param>
            <param index="5">
              <value>
                <![CDATA[545789]]>
              </value>
            </param>
            <param index="6">
              <value>
                <![CDATA[124568134]]>
              </value>
            </param>
            <param index="7">
              <value>
                <![CDATA[jawamang@gmail.com]]>
              </value>
            </param>
            <param index="8">
              <value>
                <![CDATA[don, Jawa]]>
              </value>
            </param>
            <param index="9">
              <value>
                <![CDATA[Fine Fabric]]>
              </value>
            </param>
          </params>
          <reporter-output>
          </reporter-output>
        </test-method> <!-- Saleorder -->
        <test-method is-config="true" signature="CloseBrowser()[pri:0, instance:testcase.TC003_Sales@702657cc]" started-at="2022-05-27T15:24:56 IST" name="CloseBrowser" finished-at="2022-05-27T15:24:56 IST" duration-ms="0" status="PASS">
          <reporter-output>
          </reporter-output>
        </test-method> <!-- CloseBrowser -->
      </class> <!-- testcase.TC003_Sales -->
    </test> <!-- Default test -->
  </suite> <!-- Default suite -->
</testng-results>
